<?xml version="1.0" encoding="UTF-8"?>
<!-- Generated by org.testng.reporters.JUnitReportReporter -->
<testsuite skipped="0" hostname="LAPTOP-07B6KT4F" name="generalTest.ShoppingButton" tests="2" failures="0" timestamp="2021-07-13T03:03:36 EDT" time="26.743" errors="0">
  <testcase name="textConfirm" time="14.960" classname="generalTest.ShoppingButton"/>
  <system-out/>
  <testcase name="carmaxShoppinButton" time="11.783" classname="generalTest.ShoppingButton"/>
  <system-out/>
</testsuite> <!-- generalTest.ShoppingButton -->
