<?xml version="1.0" encoding="UTF-8"?>
<!-- Generated by org.testng.reporters.JUnitReportReporter -->
<testsuite skipped="0" hostname="LAPTOP-07B6KT4F" name="generalTest.SignIn" tests="1" failures="0" timestamp="2021-07-13T03:03:36 EDT" time="8.946" errors="0">
  <testcase name="carmaxSignIn" time="8.946" classname="generalTest.SignIn"/>
  <system-out/>
</testsuite> <!-- generalTest.SignIn -->
