<?xml version="1.0" encoding="UTF-8"?>
<!-- Generated by org.testng.reporters.JUnitReportReporter -->
<testsuite skipped="0" hostname="LAPTOP-07B6KT4F" name="generalTest.ShoppingPage" tests="1" failures="0" timestamp="2021-07-13T01:42:09 EDT" time="14.766" errors="0">
  <testcase name="carmaxShoppingPage" time="14.766" classname="generalTest.ShoppingPage"/>
  <system-out/>
</testsuite> <!-- generalTest.ShoppingPage -->
