<?xml version="1.0" encoding="UTF-8"?>
<!-- Generated by org.testng.reporters.JUnitReportReporter -->
<testsuite skipped="0" hostname="LAPTOP-07B6KT4F" name="generalTest.SearchBox" tests="3" failures="0" timestamp="2021-07-22T23:37:06 EDT" time="70.577" errors="0">
  <testcase name="carmaxSearchParticularBrand1" time="29.814" classname="generalTest.SearchBox"/>
  <system-out/>
  <testcase name="carmaxSearchParticularBrand2" time="16.572" classname="generalTest.SearchBox"/>
  <system-out/>
  <testcase name="carmaxSearchParticularBrand3" time="24.191" classname="generalTest.SearchBox"/>
  <system-out/>
</testsuite> <!-- generalTest.SearchBox -->
