<?xml version="1.0" encoding="UTF-8"?>
<!-- Generated by org.testng.reporters.JUnitReportReporter -->
<testsuite skipped="0" hostname="LAPTOP-07B6KT4F" name="generalTest.Test1" tests="5" failures="0" timestamp="2021-06-24T15:05:12 EDT" time="76.448" errors="0">
  <testcase name="carmaxTitleConfirm" time="8.021" classname="generalTest.Test1"/>
  <system-out/>
  <testcase name="carmaxSearchBox" time="30.399" classname="generalTest.Test1"/>
  <system-out/>
  <testcase name="carmaxShoppingPage" time="15.471" classname="generalTest.Test1"/>
  <system-out/>
  <testcase name="carmaxWarranty" time="12.099" classname="generalTest.Test1"/>
  <system-out/>
  <testcase name="carmaxSignIn" time="10.458" classname="generalTest.Test1"/>
  <system-out/>
</testsuite> <!-- generalTest.Test1 -->
