<?xml version="1.0" encoding="UTF-8"?>
<!-- Generated by org.testng.reporters.JUnitReportReporter -->
<testsuite skipped="0" hostname="LAPTOP-07B6KT4F" name="generalTest.TitleConfirm" tests="1" failures="0" timestamp="2021-06-25T21:29:18 EDT" time="12.134" errors="0">
  <testcase name="carmaxTitleConfirm" time="12.134" classname="generalTest.TitleConfirm"/>
  <system-out/>
</testsuite> <!-- generalTest.TitleConfirm -->
