<?xml version="1.0" encoding="UTF-8"?>
<!-- Generated by org.testng.reporters.JUnitReportReporter -->
<testsuite skipped="0" hostname="LAPTOP-07B6KT4F" name="generalTest.SearchBox" tests="3" failures="0" timestamp="2021-07-22T23:42:15 EDT" time="61.541" errors="0">
  <testcase name="carmaxSearchParticularBrand3" time="19.384" classname="generalTest.SearchBox"/>
  <system-out/>
  <testcase name="carmaxSearchParticularBrand1" time="25.616" classname="generalTest.SearchBox"/>
  <system-out/>
  <testcase name="carmaxSearchParticularBrand2" time="16.541" classname="generalTest.SearchBox"/>
  <system-out/>
</testsuite> <!-- generalTest.SearchBox -->
