<?xml version="1.0" encoding="UTF-8"?>
<!-- Generated by org.testng.reporters.JUnitReportReporter -->
<testsuite skipped="0" hostname="LAPTOP-07B6KT4F" name="generalTest.ShoppingButton" tests="2" failures="0" timestamp="2021-07-23T00:10:39 EDT" time="29.288" errors="0">
  <testcase name="carmaxShoppinButton" time="15.041" classname="generalTest.ShoppingButton"/>
  <system-out/>
  <testcase name="textConfirm" time="14.247" classname="generalTest.ShoppingButton"/>
  <system-out/>
</testsuite> <!-- generalTest.ShoppingButton -->
