<?xml version="1.0" encoding="UTF-8"?>
<!-- Generated by org.testng.reporters.JUnitReportReporter -->
<testsuite skipped="0" hostname="LAPTOP-07B6KT4F" name="generalTest.Warranty" tests="1" failures="0" timestamp="2021-07-23T00:10:39 EDT" time="15.382" errors="0">
  <testcase name="carmaxWarranty" time="15.382" classname="generalTest.Warranty"/>
  <system-out/>
</testsuite> <!-- generalTest.Warranty -->
