<?xml version="1.0" encoding="UTF-8"?>
<!-- Generated by org.testng.reporters.JUnitReportReporter -->
<testsuite skipped="0" hostname="LAPTOP-07B6KT4F" name="generalTest.SignIn" tests="1" failures="0" timestamp="2021-07-23T00:10:39 EDT" time="9.810" errors="0">
  <testcase name="carmaxSignIn" time="9.810" classname="generalTest.SignIn"/>
  <system-out/>
</testsuite> <!-- generalTest.SignIn -->
